<?xml version="1.0" encoding="utf-8"?><testsuites name="pytest tests"><testsuite name="pytest" errors="0" failures="0" skipped="0" tests="15" time="4.577" timestamp="2026-06-22T23:05:54.742091+00:00" hostname="agent-env-71879282-65d3-41cd-8f27-b3c5db9ff461"><testcase classname="backend.tests.test_coastline_v2.TestBookings" name="test_list_bookings_manager" time="0.955" /><testcase classname="backend.tests.test_coastline_v2.TestBookings" name="test_calendar" time="0.108" /><testcase classname="backend.tests.test_coastline_v2.TestBookings" name="test_create_booking_full_flow" time="1.012" /><testcase classname="backend.tests.test_coastline_v2.TestBookings" name="test_overlap_returns_409" time="0.327" /><testcase classname="backend.tests.test_coastline_v2.TestBookings" name="test_booking_create_requires_manager" time="0.230" /><testcase classname="backend.tests.test_coastline_v2.TestGuests" name="test_list_guests_ranked" time="0.176" /><testcase classname="backend.tests.test_coastline_v2.TestGuests" name="test_guest_detail_and_patch" time="0.456" /><testcase classname="backend.tests.test_coastline_v2.TestGuests" name="test_guests_blocked_for_owner" time="0.095" /><testcase classname="backend.tests.test_coastline_v2.TestReports" name="test_analytics" time="0.102" /><testcase classname="backend.tests.test_coastline_v2.TestReports" name="test_analytics_blocked_owner" time="0.125" /><testcase classname="backend.tests.test_coastline_v2.TestOwnerStatement" name="test_statement_default" time="0.103" /><testcase classname="backend.tests.test_coastline_v2.TestOwnerStatement" name="test_statement_month_switch" time="0.194" /><testcase classname="backend.tests.test_coastline_v2.TestRates" name="test_update_rates" time="0.292" /><testcase classname="backend.tests.test_coastline_v2.TestRates" name="test_rates_blocked_owner" time="0.234" /><testcase classname="backend.tests.test_coastline_v2.TestDashboardUpcoming" name="test_dashboard_includes_upcoming" time="0.107" /></testsuite></testsuites>