<?xml version="1.0" encoding="utf-8"?><testsuites name="pytest tests"><testsuite name="pytest" errors="0" failures="1" skipped="0" tests="17" time="5.709" timestamp="2026-06-23T01:07:07.025910+00:00" hostname="agent-env-71879282-65d3-41cd-8f27-b3c5db9ff461"><testcase classname="backend.tests.test_public_booking.TestPublicProperties" name="test_list_no_auth" time="0.278" /><testcase classname="backend.tests.test_public_booking.TestQuote" name="test_quote_breakdown" time="0.275" /><testcase classname="backend.tests.test_public_booking.TestQuote" name="test_quote_invalid_dates" time="0.101"><failure message="assert 200 == 400&#10; +  where 200 = &lt;Response [200]&gt;.status_code">backend/tests/test_public_booking.py:81: in test_quote_invalid_dates
    assert r.status_code == 400
E   assert 200 == 400
E    +  where 200 = &lt;Response [200]&gt;.status_code</failure></testcase><testcase classname="backend.tests.test_public_booking.TestQuote" name="test_quote_property_not_found" time="0.137" /><testcase classname="backend.tests.test_public_booking.TestCheckout" name="test_checkout_creates_session" time="0.701" /><testcase classname="backend.tests.test_public_booking.TestCheckout" name="test_status_endpoint_returns_pending" time="0.391" /><testcase classname="backend.tests.test_public_booking.TestCheckout" name="test_status_polling_idempotent" time="1.890" /><testcase classname="backend.tests.test_public_booking.TestCheckout" name="test_status_not_found" time="0.105" /><testcase classname="backend.tests.test_public_booking.TestCheckout" name="test_checkout_overlap_returns_409" time="0.862" /><testcase classname="backend.tests.test_public_booking.TestRegression" name="test_manager_login" time="0.000" /><testcase classname="backend.tests.test_public_booking.TestRegression" name="test_manager_can_list_bookings" time="0.127" /><testcase classname="backend.tests.test_public_booking.TestRegression" name="test_manager_can_list_ledger" time="0.135" /><testcase classname="backend.tests.test_public_booking.TestRegression" name="test_manager_can_list_housekeeping" time="0.133" /><testcase classname="backend.tests.test_public_booking.TestRegression" name="test_manager_can_list_guests" time="0.102" /><testcase classname="backend.tests.test_public_booking.TestRegression" name="test_reports_analytics" time="0.107" /><testcase classname="backend.tests.test_public_booking.TestRegression" name="test_owner_statement" time="0.105" /><testcase classname="backend.tests.test_public_booking.TestRegression" name="test_rates_update" time="0.101" /></testsuite></testsuites>