<?xml version="1.0" encoding="utf-8"?><testsuites name="pytest tests"><testsuite name="pytest" errors="0" failures="0" skipped="0" tests="26" time="10.061" timestamp="2026-06-20T05:28:41.984111+00:00" hostname="agent-env-71879282-65d3-41cd-8f27-b3c5db9ff461"><testcase classname="backend.tests.test_coastline_api.TestAuth" name="test_login_manager" time="0.467" /><testcase classname="backend.tests.test_coastline_api.TestAuth" name="test_login_housekeeper" time="0.325" /><testcase classname="backend.tests.test_coastline_api.TestAuth" name="test_login_maintenance" time="0.346" /><testcase classname="backend.tests.test_coastline_api.TestAuth" name="test_login_owner" time="0.325" /><testcase classname="backend.tests.test_coastline_api.TestAuth" name="test_login_invalid" time="0.347" /><testcase classname="backend.tests.test_coastline_api.TestAuth" name="test_me_requires_auth" time="0.138" /><testcase classname="backend.tests.test_coastline_api.TestAuth" name="test_me_with_token" time="1.478" /><testcase classname="backend.tests.test_coastline_api.TestProperties" name="test_list_manager_sees_all" time="0.094" /><testcase classname="backend.tests.test_coastline_api.TestProperties" name="test_list_owner_filtered" time="0.215" /><testcase classname="backend.tests.test_coastline_api.TestDashboard" name="test_summary" time="0.121" /><testcase classname="backend.tests.test_coastline_api.TestMaintenance" name="test_list_manager" time="0.178" /><testcase classname="backend.tests.test_coastline_api.TestMaintenance" name="test_list_maintenance_role" time="0.103" /><testcase classname="backend.tests.test_coastline_api.TestMaintenance" name="test_create_and_update_task" time="0.313" /><testcase classname="backend.tests.test_coastline_api.TestMaintenance" name="test_predictive_tasks_present" time="0.098" /><testcase classname="backend.tests.test_coastline_api.TestHousekeeping" name="test_list" time="0.140" /><testcase classname="backend.tests.test_coastline_api.TestHousekeeping" name="test_guest_ready_flow" time="0.206" /><testcase classname="backend.tests.test_coastline_api.TestStorm" name="test_storm_status" time="0.100" /><testcase classname="backend.tests.test_coastline_api.TestStorm" name="test_storm_activate_manager_only" time="0.437" /><testcase classname="backend.tests.test_coastline_api.TestOwnerPortal" name="test_financials" time="0.104" /><testcase classname="backend.tests.test_coastline_api.TestOwnerPortal" name="test_holds_create_list_delete" time="0.423" /><testcase classname="backend.tests.test_coastline_api.TestAccounting" name="test_ledger_manager" time="0.143" /><testcase classname="backend.tests.test_coastline_api.TestAccounting" name="test_ledger_blocked_owner" time="0.092" /><testcase classname="backend.tests.test_coastline_api.TestInbox" name="test_list_threads" time="0.099" /><testcase classname="backend.tests.test_coastline_api.TestInbox" name="test_send_message" time="0.191" /><testcase classname="backend.tests.test_coastline_api.TestAI" name="test_ai_draft_reply" time="2.530" /><testcase classname="backend.tests.test_coastline_api.TestAI" name="test_ai_translate" time="0.795" /></testsuite></testsuites>